This file contains any messages produced by compilers while
running configure, to aid debugging if configure makes a mistake.

It was created by gocr configure 0.50, which was
generated by GNU Autoconf 2.68.  Invocation command line was

  $ ./configure 

## --------- ##
## Platform. ##
## --------- ##

hostname = heart
uname -m = x86_64
uname -r = 3.2.0-38-generic
uname -s = Linux
uname -v = #61-Ubuntu SMP Tue Feb 19 12:18:21 UTC 2013

/usr/bin/uname -p = unknown
/bin/uname -X     = unknown

/bin/arch              = unknown
/usr/bin/arch -k       = unknown
/usr/convex/getsysinfo = unknown
/usr/bin/hostinfo      = unknown
/bin/machine           = unknown
/usr/bin/oslevel       = unknown
/bin/universe          = unknown

PATH: /home/rain/.rvm/gems/ruby-1.9.3-p327/bin
PATH: /home/rain/.rvm/gems/ruby-1.9.3-p327@global/bin
PATH: /home/rain/.rvm/rubies/ruby-1.9.3-p327/bin
PATH: /home/rain/.rvm/bin
PATH: /home/rain/bin
PATH: /usr/lib/lightdm/lightdm
PATH: /usr/local/sbin
PATH: /usr/local/bin
PATH: /usr/sbin
PATH: /usr/bin
PATH: /sbin
PATH: /bin
PATH: /usr/games
PATH: /home/rain/.rvm/bin


## ----------- ##
## Core tests. ##
## ----------- ##

configure:2124: checking for gcc
configure:2140: found /usr/bin/gcc
configure:2151: result: gcc
configure:2380: checking for C compiler version
configure:2389: gcc --version >&5
gcc (Ubuntu/Linaro 4.6.3-1ubuntu5) 4.6.3
Copyright (C) 2011 Free Software Foundation, Inc.
This is free software; see the source for copying conditions.  There is NO
warranty; not even for MERCHANTABILITY or FITNESS FOR A PARTICULAR PURPOSE.

configure:2400: $? = 0
configure:2389: gcc -v >&5
Using built-in specs.
COLLECT_GCC=gcc
COLLECT_LTO_WRAPPER=/usr/lib/gcc/x86_64-linux-gnu/4.6/lto-wrapper
Target: x86_64-linux-gnu
Configured with: ../src/configure -v --with-pkgversion='Ubuntu/Linaro 4.6.3-1ubuntu5' --with-bugurl=file:///usr/share/doc/gcc-4.6/README.Bugs --enable-languages=c,c++,fortran,objc,obj-c++ --prefix=/usr --program-suffix=-4.6 --enable-shared --enable-linker-build-id --with-system-zlib --libexecdir=/usr/lib --without-included-gettext --enable-threads=posix --with-gxx-include-dir=/usr/include/c++/4.6 --libdir=/usr/lib --enable-nls --with-sysroot=/ --enable-clocale=gnu --enable-libstdcxx-debug --enable-libstdcxx-time=yes --enable-gnu-unique-object --enable-plugin --enable-objc-gc --disable-werror --with-arch-32=i686 --with-tune=generic --enable-checking=release --build=x86_64-linux-gnu --host=x86_64-linux-gnu --target=x86_64-linux-gnu
Thread model: posix
gcc version 4.6.3 (Ubuntu/Linaro 4.6.3-1ubuntu5) 
configure:2400: $? = 0
configure:2389: gcc -V >&5
gcc: error: unrecognized option '-V'
gcc: fatal error: no input files
compilation terminated.
configure:2400: $? = 4
configure:2389: gcc -qversion >&5
gcc: error: unrecognized option '-qversion'
gcc: fatal error: no input files
compilation terminated.
configure:2400: $? = 4
configure:2420: checking whether the C compiler works
configure:2442: gcc    conftest.c  >&5
configure:2446: $? = 0
configure:2494: result: yes
configure:2497: checking for C compiler default output file name
configure:2499: result: a.out
configure:2505: checking for suffix of executables
configure:2512: gcc -o conftest    conftest.c  >&5
configure:2516: $? = 0
configure:2538: result: 
configure:2560: checking whether we are cross compiling
configure:2568: gcc -o conftest    conftest.c  >&5
configure:2572: $? = 0
configure:2579: ./conftest
configure:2583: $? = 0
configure:2598: result: no
configure:2603: checking for suffix of object files
configure:2625: gcc -c   conftest.c >&5
configure:2629: $? = 0
configure:2650: result: o
configure:2654: checking whether we are using the GNU C compiler
configure:2673: gcc -c   conftest.c >&5
configure:2673: $? = 0
configure:2682: result: yes
configure:2691: checking whether gcc accepts -g
configure:2711: gcc -c -g  conftest.c >&5
configure:2711: $? = 0
configure:2752: result: yes
configure:2769: checking for gcc option to accept ISO C89
configure:2833: gcc  -c -g -O2  conftest.c >&5
configure:2833: $? = 0
configure:2846: result: none needed
configure:2909: checking for a BSD-compatible install
configure:2977: result: /usr/bin/install -c
configure:2988: checking whether make sets $(MAKE)
configure:3010: result: yes
configure:3048: checking for library containing pnm_readpnminit
configure:3079: gcc -o conftest -g -O2  -lm  conftest.c  >&5
/tmp/ccTcQlcR.o: In function `main':
/home/rain/custom/gocr-ruby/ext/gocr/conftest.c:20: undefined reference to `pnm_readpnminit'
collect2: ld returned 1 exit status
configure:3079: $? = 1
configure: failed program was:
| /* confdefs.h */
| #define PACKAGE_NAME "gocr"
| #define PACKAGE_TARNAME "gocr"
| #define PACKAGE_VERSION "0.50"
| #define PACKAGE_STRING "gocr 0.50"
| #define PACKAGE_BUGREPORT ""
| #define PACKAGE_URL ""
| /* end confdefs.h.  */
| 
| /* Override any GCC internal prototype to avoid an error.
|    Use char because int might match the return type of a GCC
|    builtin and then its argument prototype would still apply.  */
| #ifdef __cplusplus
| extern "C"
| #endif
| char pnm_readpnminit ();
| int
| main ()
| {
| return pnm_readpnminit ();
|   ;
|   return 0;
| }
configure:3079: gcc -o conftest -g -O2  -lm  conftest.c -lnetpbm   >&5
/usr/bin/ld: cannot find -lnetpbm
collect2: ld returned 1 exit status
configure:3079: $? = 1
configure: failed program was:
| /* confdefs.h */
| #define PACKAGE_NAME "gocr"
| #define PACKAGE_TARNAME "gocr"
| #define PACKAGE_VERSION "0.50"
| #define PACKAGE_STRING "gocr 0.50"
| #define PACKAGE_BUGREPORT ""
| #define PACKAGE_URL ""
| /* end confdefs.h.  */
| 
| /* Override any GCC internal prototype to avoid an error.
|    Use char because int might match the return type of a GCC
|    builtin and then its argument prototype would still apply.  */
| #ifdef __cplusplus
| extern "C"
| #endif
| char pnm_readpnminit ();
| int
| main ()
| {
| return pnm_readpnminit ();
|   ;
|   return 0;
| }
configure:3079: gcc -o conftest -g -O2  -lm  conftest.c -lpnm   >&5
/usr/bin/ld: cannot find -lpnm
collect2: ld returned 1 exit status
configure:3079: $? = 1
configure: failed program was:
| /* confdefs.h */
| #define PACKAGE_NAME "gocr"
| #define PACKAGE_TARNAME "gocr"
| #define PACKAGE_VERSION "0.50"
| #define PACKAGE_STRING "gocr 0.50"
| #define PACKAGE_BUGREPORT ""
| #define PACKAGE_URL ""
| /* end confdefs.h.  */
| 
| /* Override any GCC internal prototype to avoid an error.
|    Use char because int might match the return type of a GCC
|    builtin and then its argument prototype would still apply.  */
| #ifdef __cplusplus
| extern "C"
| #endif
| char pnm_readpnminit ();
| int
| main ()
| {
| return pnm_readpnminit ();
|   ;
|   return 0;
| }
configure:3096: result: no
configure:3113: checking how to run the C preprocessor
configure:3144: gcc -E  conftest.c
configure:3144: $? = 0
configure:3158: gcc -E  conftest.c
conftest.c:9:28: fatal error: ac_nonexistent.h: No such file or directory
compilation terminated.
configure:3158: $? = 1
configure: failed program was:
| /* confdefs.h */
| #define PACKAGE_NAME "gocr"
| #define PACKAGE_TARNAME "gocr"
| #define PACKAGE_VERSION "0.50"
| #define PACKAGE_STRING "gocr 0.50"
| #define PACKAGE_BUGREPORT ""
| #define PACKAGE_URL ""
| /* end confdefs.h.  */
| #include <ac_nonexistent.h>
configure:3183: result: gcc -E
configure:3203: gcc -E  conftest.c
configure:3203: $? = 0
configure:3217: gcc -E  conftest.c
conftest.c:9:28: fatal error: ac_nonexistent.h: No such file or directory
compilation terminated.
configure:3217: $? = 1
configure: failed program was:
| /* confdefs.h */
| #define PACKAGE_NAME "gocr"
| #define PACKAGE_TARNAME "gocr"
| #define PACKAGE_VERSION "0.50"
| #define PACKAGE_STRING "gocr 0.50"
| #define PACKAGE_BUGREPORT ""
| #define PACKAGE_URL ""
| /* end confdefs.h.  */
| #include <ac_nonexistent.h>
configure:3246: checking for grep that handles long lines and -e
configure:3304: result: /bin/grep
configure:3309: checking for egrep
configure:3371: result: /bin/grep -E
configure:3376: checking for ANSI C header files
configure:3396: gcc -c -g -O2  conftest.c >&5
configure:3396: $? = 0
configure:3469: gcc -o conftest -g -O2  -lm  conftest.c  >&5
configure:3469: $? = 0
configure:3469: ./conftest
configure:3469: $? = 0
configure:3480: result: yes
configure:3493: checking for sys/types.h
configure:3493: gcc -c -g -O2  conftest.c >&5
configure:3493: $? = 0
configure:3493: result: yes
configure:3493: checking for sys/stat.h
configure:3493: gcc -c -g -O2  conftest.c >&5
configure:3493: $? = 0
configure:3493: result: yes
configure:3493: checking for stdlib.h
configure:3493: gcc -c -g -O2  conftest.c >&5
configure:3493: $? = 0
configure:3493: result: yes
configure:3493: checking for string.h
configure:3493: gcc -c -g -O2  conftest.c >&5
configure:3493: $? = 0
configure:3493: result: yes
configure:3493: checking for memory.h
configure:3493: gcc -c -g -O2  conftest.c >&5
configure:3493: $? = 0
configure:3493: result: yes
configure:3493: checking for strings.h
configure:3493: gcc -c -g -O2  conftest.c >&5
configure:3493: $? = 0
configure:3493: result: yes
configure:3493: checking for inttypes.h
configure:3493: gcc -c -g -O2  conftest.c >&5
configure:3493: $? = 0
configure:3493: result: yes
configure:3493: checking for stdint.h
configure:3493: gcc -c -g -O2  conftest.c >&5
configure:3493: $? = 0
configure:3493: result: yes
configure:3493: checking for unistd.h
configure:3493: gcc -c -g -O2  conftest.c >&5
configure:3493: $? = 0
configure:3493: result: yes
configure:3508: checking for unistd.h
configure:3508: result: yes
configure:3508: checking wchar.h usability
configure:3508: gcc -c -g -O2  conftest.c >&5
configure:3508: $? = 0
configure:3508: result: yes
configure:3508: checking wchar.h presence
configure:3508: gcc -E  conftest.c
configure:3508: $? = 0
configure:3508: result: yes
configure:3508: checking for wchar.h
configure:3508: result: yes
configure:3519: checking for an ANSI C-conforming const
configure:3584: gcc -c -g -O2  conftest.c >&5
configure:3584: $? = 0
configure:3591: result: yes
configure:3610: checking for wcschr
configure:3610: gcc -o conftest -g -O2  -lm  conftest.c  >&5
configure:3610: $? = 0
configure:3610: result: yes
configure:3610: checking for wcsdup
configure:3610: gcc -o conftest -g -O2  -lm  conftest.c  >&5
configure:3610: $? = 0
configure:3610: result: yes
configure:3610: checking for gettimeofday
configure:3610: gcc -o conftest -g -O2  -lm  conftest.c  >&5
configure:3610: $? = 0
configure:3610: result: yes
configure:3610: checking for popen
configure:3610: gcc -o conftest -g -O2  -lm  conftest.c  >&5
configure:3610: $? = 0
configure:3610: result: yes
configure:3737: creating ./config.status

## ---------------------- ##
## Running config.status. ##
## ---------------------- ##

This file was extended by gocr config.status 0.50, which was
generated by GNU Autoconf 2.68.  Invocation command line was

  CONFIG_FILES    = 
  CONFIG_HEADERS  = 
  CONFIG_LINKS    = 
  CONFIG_COMMANDS = 
  $ ./config.status 

on heart

config.status:823: creating Makefile
config.status:809: error: cannot find input file: `src/Makefile.in'

## ---------------- ##
## Cache variables. ##
## ---------------- ##

ac_cv_c_compiler_gnu=yes
ac_cv_c_const=yes
ac_cv_env_CC_set=
ac_cv_env_CC_value=
ac_cv_env_CFLAGS_set=
ac_cv_env_CFLAGS_value=
ac_cv_env_CPPFLAGS_set=
ac_cv_env_CPPFLAGS_value=
ac_cv_env_CPP_set=
ac_cv_env_CPP_value=
ac_cv_env_LDFLAGS_set=
ac_cv_env_LDFLAGS_value=
ac_cv_env_LIBS_set=
ac_cv_env_LIBS_value=
ac_cv_env_build_alias_set=
ac_cv_env_build_alias_value=
ac_cv_env_host_alias_set=
ac_cv_env_host_alias_value=
ac_cv_env_target_alias_set=
ac_cv_env_target_alias_value=
ac_cv_func_gettimeofday=yes
ac_cv_func_popen=yes
ac_cv_func_setvbuf_reversed=no
ac_cv_func_wcschr=yes
ac_cv_func_wcsdup=yes
ac_cv_header_inttypes_h=yes
ac_cv_header_memory_h=yes
ac_cv_header_stdc=yes
ac_cv_header_stdint_h=yes
ac_cv_header_stdlib_h=yes
ac_cv_header_string_h=yes
ac_cv_header_strings_h=yes
ac_cv_header_sys_stat_h=yes
ac_cv_header_sys_types_h=yes
ac_cv_header_unistd_h=yes
ac_cv_header_wchar_h=yes
ac_cv_objext=o
ac_cv_path_EGREP='/bin/grep -E'
ac_cv_path_GREP=/bin/grep
ac_cv_path_install='/usr/bin/install -c'
ac_cv_prog_CPP='gcc -E'
ac_cv_prog_ac_ct_CC=gcc
ac_cv_prog_cc_c89=
ac_cv_prog_cc_g=yes
ac_cv_prog_make_make_set=yes
ac_cv_search_pnm_readpnminit=no

## ----------------- ##
## Output variables. ##
## ----------------- ##

CC='gcc'
CFLAGS='-g -O2'
CPP='gcc -E'
CPPFLAGS=''
DEFS='-DHAVE_CONFIG_H'
ECHO_C=''
ECHO_N='-n'
ECHO_T=''
EGREP='/bin/grep -E'
EXEEXT=''
GREP='/bin/grep'
INSTALL_DATA='${INSTALL} -m 644'
INSTALL_PROGRAM='${INSTALL}'
INSTALL_SCRIPT='${INSTALL}'
LDFLAGS='-lm '
LIBOBJS=''
LIBS=''
LTLIBOBJS=''
OBJEXT='o'
PACKAGE_BUGREPORT=''
PACKAGE_NAME='gocr'
PACKAGE_STRING='gocr 0.50'
PACKAGE_TARNAME='gocr'
PACKAGE_URL=''
PACKAGE_VERSION='0.50'
PATH_SEPARATOR=':'
SET_MAKE=''
SHELL='/bin/bash'
ac_ct_CC='gcc'
bindir='${exec_prefix}/bin'
build_alias=''
datadir='${datarootdir}'
datarootdir='${prefix}/share'
docdir='${datarootdir}/doc/${PACKAGE_TARNAME}'
dvidir='${docdir}'
exec_prefix='${prefix}'
host_alias=''
htmldir='${docdir}'
includedir='${prefix}/include'
infodir='${datarootdir}/info'
libdir='${exec_prefix}/lib'
libexecdir='${exec_prefix}/libexec'
localedir='${datarootdir}/locale'
localstatedir='${prefix}/var'
mandir='${datarootdir}/man'
oldincludedir='/usr/include'
pdfdir='${docdir}'
prefix='/usr/local'
program_transform_name='s,x,x,'
psdir='${docdir}'
sbindir='${exec_prefix}/sbin'
sharedstatedir='${prefix}/com'
sysconfdir='${prefix}/etc'
target_alias=''

## ----------- ##
## confdefs.h. ##
## ----------- ##

/* confdefs.h */
#define PACKAGE_NAME "gocr"
#define PACKAGE_TARNAME "gocr"
#define PACKAGE_VERSION "0.50"
#define PACKAGE_STRING "gocr 0.50"
#define PACKAGE_BUGREPORT ""
#define PACKAGE_URL ""
#define STDC_HEADERS 1
#define HAVE_SYS_TYPES_H 1
#define HAVE_SYS_STAT_H 1
#define HAVE_STDLIB_H 1
#define HAVE_STRING_H 1
#define HAVE_MEMORY_H 1
#define HAVE_STRINGS_H 1
#define HAVE_INTTYPES_H 1
#define HAVE_STDINT_H 1
#define HAVE_UNISTD_H 1
#define HAVE_UNISTD_H 1
#define HAVE_WCHAR_H 1
#define HAVE_WCSCHR 1
#define HAVE_WCSDUP 1
#define HAVE_GETTIMEOFDAY 1
#define HAVE_POPEN 1

configure: exit 1
